  AsciiAlphabet.cpp
  DFA.cpp
C:\Users\Reche\Source\Repos\Regex-Parser\regex_parser\src\impl\State.h(88,1): warning C4996: 'sprintf': This function or variable may be unsafe. Consider using sprintf_s instead. To disable deprecation, use _CRT_SECURE_NO_WARNINGS. See online help for details.
C:\Program Files (x86)\Windows Kits\10\Include\10.0.18362.0\ucrt\stdio.h(1774): message : see declaration of 'sprintf'
C:\Users\Reche\Source\Repos\Regex-Parser\regex_parser\src\impl\State.h(93,1): warning C4996: 'sprintf': This function or variable may be unsafe. Consider using sprintf_s instead. To disable deprecation, use _CRT_SECURE_NO_WARNINGS. See online help for details.
C:\Program Files (x86)\Windows Kits\10\Include\10.0.18362.0\ucrt\stdio.h(1774): message : see declaration of 'sprintf'
  FSM.cpp
C:\Users\Reche\Source\Repos\Regex-Parser\regex_parser\src\impl\State.h(88,1): warning C4996: 'sprintf': This function or variable may be unsafe. Consider using sprintf_s instead. To disable deprecation, use _CRT_SECURE_NO_WARNINGS. See online help for details.
C:\Program Files (x86)\Windows Kits\10\Include\10.0.18362.0\ucrt\stdio.h(1774): message : see declaration of 'sprintf'
C:\Users\Reche\Source\Repos\Regex-Parser\regex_parser\src\impl\State.h(93,1): warning C4996: 'sprintf': This function or variable may be unsafe. Consider using sprintf_s instead. To disable deprecation, use _CRT_SECURE_NO_WARNINGS. See online help for details.
C:\Program Files (x86)\Windows Kits\10\Include\10.0.18362.0\ucrt\stdio.h(1774): message : see declaration of 'sprintf'
C:\Users\Reche\Source\Repos\Regex-Parser\regex_parser\src\impl\FSM.cpp(11,15): warning C4018: '<': signed/unsigned mismatch
  NFA.cpp
C:\Users\Reche\Source\Repos\Regex-Parser\regex_parser\src\impl\State.h(88,1): warning C4996: 'sprintf': This function or variable may be unsafe. Consider using sprintf_s instead. To disable deprecation, use _CRT_SECURE_NO_WARNINGS. See online help for details.
C:\Program Files (x86)\Windows Kits\10\Include\10.0.18362.0\ucrt\stdio.h(1774): message : see declaration of 'sprintf'
C:\Users\Reche\Source\Repos\Regex-Parser\regex_parser\src\impl\State.h(93,1): warning C4996: 'sprintf': This function or variable may be unsafe. Consider using sprintf_s instead. To disable deprecation, use _CRT_SECURE_NO_WARNINGS. See online help for details.
C:\Program Files (x86)\Windows Kits\10\Include\10.0.18362.0\ucrt\stdio.h(1774): message : see declaration of 'sprintf'
C:\Users\Reche\Source\Repos\Regex-Parser\regex_parser\src\impl\NFA.cpp(277,22): warning C4018: '<': signed/unsigned mismatch
C:\Users\Reche\Source\Repos\Regex-Parser\regex_parser\src\impl\NFA.cpp(339,18): warning C4018: '<': signed/unsigned mismatch
C:\Users\Reche\Source\Repos\Regex-Parser\regex_parser\src\impl\NFA.cpp(368,24): warning C4018: '<': signed/unsigned mismatch
C:\Users\Reche\Source\Repos\Regex-Parser\regex_parser\src\impl\NFA.cpp(429,15): warning C4018: '<': signed/unsigned mismatch
C:\Users\Reche\Source\Repos\Regex-Parser\regex_parser\src\impl\NFA.cpp(431,20): warning C4018: '<': signed/unsigned mismatch
C:\Users\Reche\Source\Repos\Regex-Parser\regex_parser\src\impl\NFA.cpp(299,6): warning C4101: 'i': unreferenced local variable
  RegexMatcherImpl.cpp
C:\Users\Reche\Source\Repos\Regex-Parser\regex_parser\src\impl\State.h(88,1): warning C4996: 'sprintf': This function or variable may be unsafe. Consider using sprintf_s instead. To disable deprecation, use _CRT_SECURE_NO_WARNINGS. See online help for details.
C:\Program Files (x86)\Windows Kits\10\Include\10.0.18362.0\ucrt\stdio.h(1774): message : see declaration of 'sprintf'
C:\Users\Reche\Source\Repos\Regex-Parser\regex_parser\src\impl\State.h(93,1): warning C4996: 'sprintf': This function or variable may be unsafe. Consider using sprintf_s instead. To disable deprecation, use _CRT_SECURE_NO_WARNINGS. See online help for details.
C:\Program Files (x86)\Windows Kits\10\Include\10.0.18362.0\ucrt\stdio.h(1774): message : see declaration of 'sprintf'
  RegexParser.cpp
  bitset.cpp
  main.cpp
C:\Users\Reche\Source\Repos\Regex-Parser\regex_parser\src\impl\State.h(88,1): warning C4996: 'sprintf': This function or variable may be unsafe. Consider using sprintf_s instead. To disable deprecation, use _CRT_SECURE_NO_WARNINGS. See online help for details.
C:\Program Files (x86)\Windows Kits\10\Include\10.0.18362.0\ucrt\stdio.h(1774): message : see declaration of 'sprintf'
C:\Users\Reche\Source\Repos\Regex-Parser\regex_parser\src\impl\State.h(93,1): warning C4996: 'sprintf': This function or variable may be unsafe. Consider using sprintf_s instead. To disable deprecation, use _CRT_SECURE_NO_WARNINGS. See online help for details.
C:\Program Files (x86)\Windows Kits\10\Include\10.0.18362.0\ucrt\stdio.h(1774): message : see declaration of 'sprintf'
C:\Users\Reche\Source\Repos\Regex-Parser\regex_parser\src\tests\main.cpp(335,21): warning C4018: '<': signed/unsigned mismatch
C:\Users\Reche\Source\Repos\Regex-Parser\regex_parser\src\tests\main.cpp(386,26): warning C4018: '<': signed/unsigned mismatch
C:\Users\Reche\Source\Repos\Regex-Parser\regex_parser\src\tests\main.cpp(397,21): warning C4018: '<': signed/unsigned mismatch
     Creating library C:\Users\Reche\Source\Repos\Regex-Parser\regex_parser\project\vs2019\dll\regex_parser.lib and object C:\Users\Reche\Source\Repos\Regex-Parser\regex_parser\project\vs2019\dll\regex_parser.exp
  Generating code
  Previous IPDB not found, fall back to full compilation.
  All 708 functions were compiled because no usable IPDB/IOBJ from previous compilation was found.
  Finished generating code
  regex_parser.vcxproj -> C:\Users\Reche\Source\Repos\Regex-Parser\regex_parser\project\vs2019\dll\regex_parser.dll
