c:\users\reche\source\repos\regex-parser\regex_parser\project\vs2019\regex_parser\dll\vc142.pdb
c:\users\reche\source\repos\regex-parser\regex_parser\project\vs2019\regex_parser\dll\main.obj
c:\users\reche\source\repos\regex-parser\regex_parser\project\vs2019\regex_parser\dll\bitset.obj
c:\users\reche\source\repos\regex-parser\regex_parser\project\vs2019\regex_parser\dll\regexparser.obj
c:\users\reche\source\repos\regex-parser\regex_parser\project\vs2019\regex_parser\dll\regexmatcherimpl.obj
c:\users\reche\source\repos\regex-parser\regex_parser\project\vs2019\regex_parser\dll\nfa.obj
c:\users\reche\source\repos\regex-parser\regex_parser\project\vs2019\regex_parser\dll\fsm.obj
c:\users\reche\source\repos\regex-parser\regex_parser\project\vs2019\regex_parser\dll\dfa.obj
c:\users\reche\source\repos\regex-parser\regex_parser\project\vs2019\regex_parser\dll\asciialphabet.obj
c:\users\reche\source\repos\regex-parser\regex_parser\project\vs2019\dll\regex_parser.dll
c:\users\reche\source\repos\regex-parser\regex_parser\project\vs2019\dll\regex_parser.pdb
c:\users\reche\source\repos\regex-parser\regex_parser\project\vs2019\dll\regex_parser.lib
c:\users\reche\source\repos\regex-parser\regex_parser\project\vs2019\dll\regex_parser.exp
c:\users\reche\source\repos\regex-parser\regex_parser\project\vs2019\dll\regex_parser.ipdb
c:\users\reche\source\repos\regex-parser\regex_parser\project\vs2019\dll\regex_parser.iobj
c:\users\reche\source\repos\regex-parser\regex_parser\project\vs2019\regex_parser\dll\regex_parser.tlog\cl.command.1.tlog
c:\users\reche\source\repos\regex-parser\regex_parser\project\vs2019\regex_parser\dll\regex_parser.tlog\cl.read.1.tlog
c:\users\reche\source\repos\regex-parser\regex_parser\project\vs2019\regex_parser\dll\regex_parser.tlog\cl.write.1.tlog
c:\users\reche\source\repos\regex-parser\regex_parser\project\vs2019\regex_parser\dll\regex_parser.tlog\link.command.1.tlog
c:\users\reche\source\repos\regex-parser\regex_parser\project\vs2019\regex_parser\dll\regex_parser.tlog\link.read.1.tlog
c:\users\reche\source\repos\regex-parser\regex_parser\project\vs2019\regex_parser\dll\regex_parser.tlog\link.write.1.tlog
c:\users\reche\source\repos\regex-parser\regex_parser\project\vs2019\regex_parser\dll\regex_parser.tlog\regex_parser.write.1u.tlog
